<?xml version="1.0" encoding="UTF-8"?>
<!-- Generated by org.testng.reporters.JUnitReportReporter -->
<testsuite skipped="0" hostname="CBT-MH-000" name="Automation.php.TestCasesTour" tests="1" failures="0" timestamp="9 Oct 2019 04:03:42 GMT" time="38.854" errors="0">
  <testcase name="tourSearch" time="38.854" classname="Automation.php.TestCasesTour"/>
</testsuite> <!-- Automation.php.TestCasesTour -->
