<?xml version="1.0" encoding="UTF-8"?>
<!-- Generated by org.testng.reporters.JUnitReportReporter -->
<testsuite skipped="0" hostname="CBT-MH-000" name="Automation.php.LogInTest" tests="1" failures="0" timestamp="11 Oct 2019 09:49:25 GMT" time="25.804" errors="0">
  <testcase name="Login" time="25.804" classname="Automation.php.LogInTest"/>
</testsuite> <!-- Automation.php.LogInTest -->
